e:\teamservercluster\teamserverclustersln\teamdbserver\debug\vc140.pdb
e:\teamservercluster\teamserverclustersln\teamdbserver\debug\vc140.idb
e:\teamservercluster\teamserverclustersln\teamdbserver\debug\dbmanager.obj
e:\teamservercluster\teamserverclustersln\teamdbserver\debug\dbprizepoolhandler.obj
e:\teamservercluster\teamserverclustersln\teamdbserver\debug\dbrolehandler.obj
e:\teamservercluster\teamserverclustersln\teamdbserver\debug\dbtexasboardhandler.obj
e:\teamservercluster\teamserverclustersln\teamdbserver\debug\dbtexashistoryboard10handler.obj
e:\teamservercluster\teamserverclustersln\teamdbserver\debug\dbmessage.obj
e:\teamservercluster\teamserverclustersln\teamdbserver\debug\dbmessage_ping.obj
e:\teamservercluster\teamserverclustersln\teamdbserver\debug\dbmessage_prizepool.obj
e:\teamservercluster\teamserverclustersln\teamdbserver\debug\dbmessage_role.obj
e:\teamservercluster\teamserverclustersln\teamdbserver\debug\dbmessage_texasboard.obj
e:\teamservercluster\teamserverclustersln\teamdbserver\debug\dbmessage_texashistoryboard10.obj
e:\teamservercluster\teamserverclustersln\teamdbserver\debug\dbprizepooldata.obj
e:\teamservercluster\teamserverclustersln\teamdbserver\debug\dbresourcemanager.obj
e:\teamservercluster\teamserverclustersln\teamdbserver\debug\dbroledata.obj
e:\teamservercluster\teamserverclustersln\teamdbserver\debug\dbtexasboarddata.obj
e:\teamservercluster\teamserverclustersln\teamdbserver\debug\dbtexashistoryboard10data.obj
e:\teamservercluster\teamserverclustersln\teamdbserver\debug\dbprizepool.obj
e:\teamservercluster\teamserverclustersln\teamdbserver\debug\dbrole.obj
e:\teamservercluster\teamserverclustersln\teamdbserver\debug\dbtexasboard.obj
e:\teamservercluster\teamserverclustersln\teamdbserver\debug\dbtexashistoryboard10.obj
e:\teamservercluster\teamserverclustersln\teamdbserver\debug\basedefine.obj
e:\teamservercluster\teamserverclustersln\teamdbserver\debug\configfile.obj
e:\teamservercluster\teamserverclustersln\teamdbserver\debug\databuffer.obj
e:\teamservercluster\teamserverclustersln\teamdbserver\debug\dbapplication.obj
e:\teamservercluster\teamserverclustersln\teamdbserver\debug\dbserver.obj
e:\teamservercluster\teamserverclustersln\teamdbserver\debug\dbservice.obj
e:\teamservercluster\teamserverclustersln\teamdbserver\debug\main.obj
e:\teamservercluster\teamserverclustersln\teamdbserver\debug\playerclient.obj
e:\teamservercluster\teamserverclustersln\teamdbserver\debug\teamdbserver.tlog\cl.command.1.tlog
e:\teamservercluster\teamserverclustersln\teamdbserver\debug\teamdbserver.tlog\cl.read.1.tlog
e:\teamservercluster\teamserverclustersln\teamdbserver\debug\teamdbserver.tlog\cl.write.1.tlog
