e:\teamservercluster\teamserverclustersln\teamgateserver\debug\vc140.pdb
e:\teamservercluster\teamserverclustersln\teamgateserver\debug\vc140.idb
e:\teamservercluster\teamserverclustersln\teamgateserver\debug\gameclient.obj
e:\teamservercluster\teamserverclustersln\teamgateserver\debug\gateapplication.obj
e:\teamservercluster\teamserverclustersln\teamgateserver\debug\gateserver.obj
e:\teamservercluster\teamserverclustersln\teamgateserver\debug\gateservice.obj
e:\teamservercluster\teamserverclustersln\teamgateserver\debug\main.obj
e:\teamservercluster\teamserverclustersln\teamgateserver\debug\playerclient.obj
e:\teamservercluster\teamserverclustersln\teamgateserver\debug\dbgirlhandler.obj
e:\teamservercluster\teamserverclustersln\teamgateserver\debug\dbmanager.obj
e:\teamservercluster\teamserverclustersln\teamgateserver\debug\girl.obj
e:\teamservercluster\teamserverclustersln\teamgateserver\debug\girlmanager.obj
e:\teamservercluster\teamserverclustersln\teamgateserver\debug\csmessage.obj
e:\teamservercluster\teamserverclustersln\teamgateserver\debug\csmessage_heartbeat.obj
e:\teamservercluster\teamserverclustersln\teamgateserver\debug\csmessage_userlogin.obj
e:\teamservercluster\teamserverclustersln\teamgateserver\debug\gatemessage.obj
e:\teamservercluster\teamserverclustersln\teamgateserver\debug\gsmessage.obj
e:\teamservercluster\teamserverclustersln\teamgateserver\debug\gsmessage_girllogin.obj
e:\teamservercluster\teamserverclustersln\teamgateserver\debug\gsmessage_heartbeat.obj
e:\teamservercluster\teamserverclustersln\teamgateserver\debug\psmessage.obj
e:\teamservercluster\teamserverclustersln\teamgateserver\debug\role.obj
e:\teamservercluster\teamserverclustersln\teamgateserver\debug\rolemanager.obj
e:\teamservercluster\teamserverclustersln\teamgateserver\debug\basedefine.obj
e:\teamservercluster\teamserverclustersln\teamgateserver\debug\configfile.obj
e:\teamservercluster\teamserverclustersln\teamgateserver\debug\databuffer.obj
e:\teamservercluster\teamserverclustersln\teamgateserver\debug\teamgateserver.tlog\cl.command.1.tlog
e:\teamservercluster\teamserverclustersln\teamgateserver\debug\teamgateserver.tlog\cl.read.1.tlog
e:\teamservercluster\teamserverclustersln\teamgateserver\debug\teamgateserver.tlog\cl.write.1.tlog
e:\teamservercluster\teamserverclustersln\teamgateserver\debug\teamgateserver.tlog\link.read.1.tlog
e:\teamservercluster\teamserverclustersln\teamgateserver\debug\teamgateserver.tlog\link.write.1.tlog
