c:\users\wangxiusong\appdata\local\microsoft\vscommon\14.0\sqm\sqmcpp.log
e:\teamservercluster\teamserverclustersln\teamdlserver\debug\vc140.pdb
e:\teamservercluster\teamserverclustersln\teamdlserver\debug\vc140.idb
c:\users\wangxiusong\appdata\local\microsoft\vscommon\14.0\sqm\vctoolstelemetry.dat
e:\teamservercluster\teamserverclustersln\teamdlserver\debug\dlmessage_crossdaybet.obj
e:\teamservercluster\teamserverclustersln\teamdlserver\debug\dlmessage_gm.obj
e:\teamservercluster\teamserverclustersln\teamdlserver\debug\dlmessage_login.obj
e:\teamservercluster\teamserverclustersln\teamdlserver\debug\dlmessage_logout.obj
e:\teamservercluster\teamserverclustersln\teamdlserver\debug\dlmessage_online.obj
e:\teamservercluster\teamserverclustersln\teamdlserver\debug\dlmessage_ping.obj
e:\teamservercluster\teamserverclustersln\teamdlserver\debug\dlmessage_pvggift.obj
e:\teamservercluster\teamserverclustersln\teamdlserver\debug\dlmessage_pvpgift.obj
e:\teamservercluster\teamserverclustersln\teamdlserver\debug\dlmessage_room.obj
e:\teamservercluster\teamserverclustersln\teamdlserver\debug\dlmessage_trace.obj
e:\teamservercluster\teamserverclustersln\teamdlserver\debug\dlbet.obj
e:\teamservercluster\teamserverclustersln\teamdlserver\debug\dlcrossdaybet.obj
e:\teamservercluster\teamserverclustersln\teamdlserver\debug\dlgm.obj
e:\teamservercluster\teamserverclustersln\teamdlserver\debug\dllogin.obj
e:\teamservercluster\teamserverclustersln\teamdlserver\debug\dllogout.obj
e:\teamservercluster\teamserverclustersln\teamdlserver\debug\dlonline.obj
e:\teamservercluster\teamserverclustersln\teamdlserver\debug\dlpvggift.obj
e:\teamservercluster\teamserverclustersln\teamdlserver\debug\dlpvpgift.obj
e:\teamservercluster\teamserverclustersln\teamdlserver\debug\dlroom.obj
e:\teamservercluster\teamserverclustersln\teamdlserver\debug\dltrace.obj
c:\users\wangxi~1\appdata\local\temp\{0c91f74f-b369-4ba8-8ed4-43123f46e3aa}
e:\teamservercluster\teamserverclustersln\teamdlserver\debug\teamdlserver.tlog\cl.read.1.tlog
e:\teamservercluster\teamserverclustersln\teamdlserver\debug\teamdlserver.tlog\cl.write.1.tlog
