生成启动时间为 2016/1/6 13:35:10。
     1>项目“E:\TeamServerCluster\TeamServerClusterSln\TeamFlashPolicyServer\TeamFlashPolicyServer.vcxproj”在节点 3 上(Rebuild 个目标)。
     1>ClCompile:
         C:\Program Files (x86)\Microsoft Visual Studio 14.0\VC\bin\x86_amd64\CL.exe /c /I..\..\TeamSDK\BaseInterface /I..\..\Protocols /I..\..\TeamSDK\Lib\third_lib\mysql\windows\include /Zi /nologo /W3 /WX- /Od /D WIN32 /D _DEBUG /D _CONSOLE /Gm- /EHsc /RTC1 /MDd /GS /fp:precise /Zc:wchar_t /Zc:forScope /Zc:inline /Fo"x64\Debug\\" /Fd"x64\Debug\vc140.pdb" /FR"x64\Debug\\" /Gd /TP /errorReport:prompt ..\..\TeamSource\TeamFP\FlashPolicyServer\FrameWork\BaseDefine.cpp ..\..\TeamSource\TeamFP\FlashPolicyServer\FrameWork\ConfigFile.cpp ..\..\TeamSource\TeamFP\FlashPolicyServer\FrameWork\DataBuffer.cpp ..\..\TeamSource\TeamFP\FlashPolicyServer\FrameWork\FlashPolicyApplication.cpp ..\..\TeamSource\TeamFP\FlashPolicyServer\FrameWork\FlashPolicyServer.cpp ..\..\TeamSource\TeamFP\FlashPolicyServer\FrameWork\FlashPolicyService.cpp ..\..\TeamSource\TeamFP\FlashPolicyServer\FrameWork\FlashWebClient.cpp ..\..\TeamSource\TeamFP\FlashPolicyServer\FrameWork\main.cpp
         BaseDefine.cpp
     1>E:\TeamServerCluster\TeamSDK\BaseInterface\EQ_String.h(78): warning C4267: “初始化”: 从“size_t”转换到“int”，可能丢失数据
     1>E:\TeamServerCluster\TeamSDK\BaseInterface\EQ_String.h(78): warning C4267: “初始化”: 从“size_t”转换到“const int”，可能丢失数据
     1>E:\TeamServerCluster\TeamSDK\BaseInterface\EQ_String.h(137): warning C4267: “=”: 从“size_t”转换到“UINT32”，可能丢失数据
     1>E:\TeamServerCluster\TeamSDK\BaseInterface\EQ_String.h(172): warning C4267: “初始化”: 从“size_t”转换到“UINT32”，可能丢失数据
     1>E:\TeamServerCluster\TeamSDK\BaseInterface\EQ_String.h(181): warning C4267: “=”: 从“size_t”转换到“UINT32”，可能丢失数据
     1>E:\TeamServerCluster\TeamSDK\BaseInterface\EQ_String.h(190): warning C4996: 'strtok': This function or variable may be unsafe. Consider using strtok_s instead. To disable deprecation, use _CRT_SECURE_NO_WARNINGS. See online help for details.
         C:\Program Files (x86)\Windows Kits\10\Include\10.0.10150.0\ucrt\string.h(453): note: 参见“strtok”的声明
     1>E:\TeamServerCluster\TeamSDK\BaseInterface\EQ_String.h(194): warning C4996: 'strtok': This function or variable may be unsafe. Consider using strtok_s instead. To disable deprecation, use _CRT_SECURE_NO_WARNINGS. See online help for details.
         C:\Program Files (x86)\Windows Kits\10\Include\10.0.10150.0\ucrt\string.h(453): note: 参见“strtok”的声明
     1>E:\TeamServerCluster\TeamSDK\BaseInterface\EQ_String.h(201): warning C4996: 'strtok': This function or variable may be unsafe. Consider using strtok_s instead. To disable deprecation, use _CRT_SECURE_NO_WARNINGS. See online help for details.
         C:\Program Files (x86)\Windows Kits\10\Include\10.0.10150.0\ucrt\string.h(453): note: 参见“strtok”的声明
     1>E:\TeamServerCluster\TeamSDK\BaseInterface\EQ_String.h(205): warning C4996: 'strtok': This function or variable may be unsafe. Consider using strtok_s instead. To disable deprecation, use _CRT_SECURE_NO_WARNINGS. See online help for details.
         C:\Program Files (x86)\Windows Kits\10\Include\10.0.10150.0\ucrt\string.h(453): note: 参见“strtok”的声明
         ConfigFile.cpp
     1>E:\TeamServerCluster\TeamSDK\BaseInterface\EQ_String.h(78): warning C4267: “初始化”: 从“size_t”转换到“int”，可能丢失数据
     1>E:\TeamServerCluster\TeamSDK\BaseInterface\EQ_String.h(78): warning C4267: “初始化”: 从“size_t”转换到“const int”，可能丢失数据
     1>E:\TeamServerCluster\TeamSDK\BaseInterface\EQ_String.h(137): warning C4267: “=”: 从“size_t”转换到“UINT32”，可能丢失数据
     1>E:\TeamServerCluster\TeamSDK\BaseInterface\EQ_String.h(172): warning C4267: “初始化”: 从“size_t”转换到“UINT32”，可能丢失数据
     1>E:\TeamServerCluster\TeamSDK\BaseInterface\EQ_String.h(181): warning C4267: “=”: 从“size_t”转换到“UINT32”，可能丢失数据
     1>E:\TeamServerCluster\TeamSDK\BaseInterface\EQ_String.h(190): warning C4996: 'strtok': This function or variable may be unsafe. Consider using strtok_s instead. To disable deprecation, use _CRT_SECURE_NO_WARNINGS. See online help for details.
         C:\Program Files (x86)\Windows Kits\10\Include\10.0.10150.0\ucrt\string.h(453): note: 参见“strtok”的声明
     1>E:\TeamServerCluster\TeamSDK\BaseInterface\EQ_String.h(194): warning C4996: 'strtok': This function or variable may be unsafe. Consider using strtok_s instead. To disable deprecation, use _CRT_SECURE_NO_WARNINGS. See online help for details.
         C:\Program Files (x86)\Windows Kits\10\Include\10.0.10150.0\ucrt\string.h(453): note: 参见“strtok”的声明
     1>E:\TeamServerCluster\TeamSDK\BaseInterface\EQ_String.h(201): warning C4996: 'strtok': This function or variable may be unsafe. Consider using strtok_s instead. To disable deprecation, use _CRT_SECURE_NO_WARNINGS. See online help for details.
         C:\Program Files (x86)\Windows Kits\10\Include\10.0.10150.0\ucrt\string.h(453): note: 参见“strtok”的声明
     1>E:\TeamServerCluster\TeamSDK\BaseInterface\EQ_String.h(205): warning C4996: 'strtok': This function or variable may be unsafe. Consider using strtok_s instead. To disable deprecation, use _CRT_SECURE_NO_WARNINGS. See online help for details.
         C:\Program Files (x86)\Windows Kits\10\Include\10.0.10150.0\ucrt\string.h(453): note: 参见“strtok”的声明
         DataBuffer.cpp
     1>E:\TeamServerCluster\TeamSDK\BaseInterface\EQ_String.h(78): warning C4267: “初始化”: 从“size_t”转换到“int”，可能丢失数据
     1>E:\TeamServerCluster\TeamSDK\BaseInterface\EQ_String.h(78): warning C4267: “初始化”: 从“size_t”转换到“const int”，可能丢失数据
     1>E:\TeamServerCluster\TeamSDK\BaseInterface\EQ_String.h(137): warning C4267: “=”: 从“size_t”转换到“UINT32”，可能丢失数据
     1>E:\TeamServerCluster\TeamSDK\BaseInterface\EQ_String.h(172): warning C4267: “初始化”: 从“size_t”转换到“UINT32”，可能丢失数据
     1>E:\TeamServerCluster\TeamSDK\BaseInterface\EQ_String.h(181): warning C4267: “=”: 从“size_t”转换到“UINT32”，可能丢失数据
     1>E:\TeamServerCluster\TeamSDK\BaseInterface\EQ_String.h(190): warning C4996: 'strtok': This function or variable may be unsafe. Consider using strtok_s instead. To disable deprecation, use _CRT_SECURE_NO_WARNINGS. See online help for details.
         C:\Program Files (x86)\Windows Kits\10\Include\10.0.10150.0\ucrt\string.h(453): note: 参见“strtok”的声明
     1>E:\TeamServerCluster\TeamSDK\BaseInterface\EQ_String.h(194): warning C4996: 'strtok': This function or variable may be unsafe. Consider using strtok_s instead. To disable deprecation, use _CRT_SECURE_NO_WARNINGS. See online help for details.
         C:\Program Files (x86)\Windows Kits\10\Include\10.0.10150.0\ucrt\string.h(453): note: 参见“strtok”的声明
     1>E:\TeamServerCluster\TeamSDK\BaseInterface\EQ_String.h(201): warning C4996: 'strtok': This function or variable may be unsafe. Consider using strtok_s instead. To disable deprecation, use _CRT_SECURE_NO_WARNINGS. See online help for details.
         C:\Program Files (x86)\Windows Kits\10\Include\10.0.10150.0\ucrt\string.h(453): note: 参见“strtok”的声明
     1>E:\TeamServerCluster\TeamSDK\BaseInterface\EQ_String.h(205): warning C4996: 'strtok': This function or variable may be unsafe. Consider using strtok_s instead. To disable deprecation, use _CRT_SECURE_NO_WARNINGS. See online help for details.
         C:\Program Files (x86)\Windows Kits\10\Include\10.0.10150.0\ucrt\string.h(453): note: 参见“strtok”的声明
         FlashPolicyApplication.cpp
     1>E:\TeamServerCluster\TeamSDK\BaseInterface\EQ_String.h(78): warning C4267: “初始化”: 从“size_t”转换到“int”，可能丢失数据
     1>E:\TeamServerCluster\TeamSDK\BaseInterface\EQ_String.h(78): warning C4267: “初始化”: 从“size_t”转换到“const int”，可能丢失数据
     1>E:\TeamServerCluster\TeamSDK\BaseInterface\EQ_String.h(137): warning C4267: “=”: 从“size_t”转换到“UINT32”，可能丢失数据
     1>E:\TeamServerCluster\TeamSDK\BaseInterface\EQ_String.h(172): warning C4267: “初始化”: 从“size_t”转换到“UINT32”，可能丢失数据
     1>E:\TeamServerCluster\TeamSDK\BaseInterface\EQ_String.h(181): warning C4267: “=”: 从“size_t”转换到“UINT32”，可能丢失数据
     1>E:\TeamServerCluster\TeamSDK\BaseInterface\EQ_String.h(190): warning C4996: 'strtok': This function or variable may be unsafe. Consider using strtok_s instead. To disable deprecation, use _CRT_SECURE_NO_WARNINGS. See online help for details.
         C:\Program Files (x86)\Windows Kits\10\Include\10.0.10150.0\ucrt\string.h(453): note: 参见“strtok”的声明
     1>E:\TeamServerCluster\TeamSDK\BaseInterface\EQ_String.h(194): warning C4996: 'strtok': This function or variable may be unsafe. Consider using strtok_s instead. To disable deprecation, use _CRT_SECURE_NO_WARNINGS. See online help for details.
         C:\Program Files (x86)\Windows Kits\10\Include\10.0.10150.0\ucrt\string.h(453): note: 参见“strtok”的声明
     1>E:\TeamServerCluster\TeamSDK\BaseInterface\EQ_String.h(201): warning C4996: 'strtok': This function or variable may be unsafe. Consider using strtok_s instead. To disable deprecation, use _CRT_SECURE_NO_WARNINGS. See online help for details.
         C:\Program Files (x86)\Windows Kits\10\Include\10.0.10150.0\ucrt\string.h(453): note: 参见“strtok”的声明
     1>E:\TeamServerCluster\TeamSDK\BaseInterface\EQ_String.h(205): warning C4996: 'strtok': This function or variable may be unsafe. Consider using strtok_s instead. To disable deprecation, use _CRT_SECURE_NO_WARNINGS. See online help for details.
         C:\Program Files (x86)\Windows Kits\10\Include\10.0.10150.0\ucrt\string.h(453): note: 参见“strtok”的声明
     1>..\..\TeamSource\TeamFP\FlashPolicyServer\FrameWork\FlashPolicyApplication.cpp(107): warning C4267: “参数”: 从“size_t”转换到“long”，可能丢失数据
     1>..\..\TeamSource\TeamFP\FlashPolicyServer\FrameWork\FlashPolicyApplication.cpp(104): warning C4996: 'sprintf': This function or variable may be unsafe. Consider using sprintf_s instead. To disable deprecation, use _CRT_SECURE_NO_WARNINGS. See online help for details.
         C:\Program Files (x86)\Windows Kits\10\Include\10.0.10150.0\ucrt\stdio.h(1769): note: 参见“sprintf”的声明
         FlashPolicyServer.cpp
     1>E:\TeamServerCluster\TeamSDK\BaseInterface\EQ_String.h(78): warning C4267: “初始化”: 从“size_t”转换到“int”，可能丢失数据
     1>E:\TeamServerCluster\TeamSDK\BaseInterface\EQ_String.h(78): warning C4267: “初始化”: 从“size_t”转换到“const int”，可能丢失数据
     1>E:\TeamServerCluster\TeamSDK\BaseInterface\EQ_String.h(137): warning C4267: “=”: 从“size_t”转换到“UINT32”，可能丢失数据
     1>E:\TeamServerCluster\TeamSDK\BaseInterface\EQ_String.h(172): warning C4267: “初始化”: 从“size_t”转换到“UINT32”，可能丢失数据
     1>E:\TeamServerCluster\TeamSDK\BaseInterface\EQ_String.h(181): warning C4267: “=”: 从“size_t”转换到“UINT32”，可能丢失数据
     1>E:\TeamServerCluster\TeamSDK\BaseInterface\EQ_String.h(190): warning C4996: 'strtok': This function or variable may be unsafe. Consider using strtok_s instead. To disable deprecation, use _CRT_SECURE_NO_WARNINGS. See online help for details.
         C:\Program Files (x86)\Windows Kits\10\Include\10.0.10150.0\ucrt\string.h(453): note: 参见“strtok”的声明
     1>E:\TeamServerCluster\TeamSDK\BaseInterface\EQ_String.h(194): warning C4996: 'strtok': This function or variable may be unsafe. Consider using strtok_s instead. To disable deprecation, use _CRT_SECURE_NO_WARNINGS. See online help for details.
         C:\Program Files (x86)\Windows Kits\10\Include\10.0.10150.0\ucrt\string.h(453): note: 参见“strtok”的声明
     1>E:\TeamServerCluster\TeamSDK\BaseInterface\EQ_String.h(201): warning C4996: 'strtok': This function or variable may be unsafe. Consider using strtok_s instead. To disable deprecation, use _CRT_SECURE_NO_WARNINGS. See online help for details.
         C:\Program Files (x86)\Windows Kits\10\Include\10.0.10150.0\ucrt\string.h(453): note: 参见“strtok”的声明
     1>E:\TeamServerCluster\TeamSDK\BaseInterface\EQ_String.h(205): warning C4996: 'strtok': This function or variable may be unsafe. Consider using strtok_s instead. To disable deprecation, use _CRT_SECURE_NO_WARNINGS. See online help for details.
         C:\Program Files (x86)\Windows Kits\10\Include\10.0.10150.0\ucrt\string.h(453): note: 参见“strtok”的声明
     1>..\..\TeamSource\TeamFP\FlashPolicyServer\FrameWork\FlashPolicyServer.cpp(88): warning C4267: “=”: 从“size_t”转换到“int”，可能丢失数据
     1>..\..\TeamSource\TeamFP\FlashPolicyServer\FrameWork\FlashPolicyServer.cpp(104): warning C4267: “初始化”: 从“size_t”转换到“int”，可能丢失数据
         FlashPolicyService.cpp
     1>E:\TeamServerCluster\TeamSDK\BaseInterface\EQ_String.h(78): warning C4267: “初始化”: 从“size_t”转换到“int”，可能丢失数据
     1>E:\TeamServerCluster\TeamSDK\BaseInterface\EQ_String.h(78): warning C4267: “初始化”: 从“size_t”转换到“const int”，可能丢失数据
     1>E:\TeamServerCluster\TeamSDK\BaseInterface\EQ_String.h(137): warning C4267: “=”: 从“size_t”转换到“UINT32”，可能丢失数据
     1>E:\TeamServerCluster\TeamSDK\BaseInterface\EQ_String.h(172): warning C4267: “初始化”: 从“size_t”转换到“UINT32”，可能丢失数据
     1>E:\TeamServerCluster\TeamSDK\BaseInterface\EQ_String.h(181): warning C4267: “=”: 从“size_t”转换到“UINT32”，可能丢失数据
     1>E:\TeamServerCluster\TeamSDK\BaseInterface\EQ_String.h(190): warning C4996: 'strtok': This function or variable may be unsafe. Consider using strtok_s instead. To disable deprecation, use _CRT_SECURE_NO_WARNINGS. See online help for details.
         C:\Program Files (x86)\Windows Kits\10\Include\10.0.10150.0\ucrt\string.h(453): note: 参见“strtok”的声明
     1>E:\TeamServerCluster\TeamSDK\BaseInterface\EQ_String.h(194): warning C4996: 'strtok': This function or variable may be unsafe. Consider using strtok_s instead. To disable deprecation, use _CRT_SECURE_NO_WARNINGS. See online help for details.
         C:\Program Files (x86)\Windows Kits\10\Include\10.0.10150.0\ucrt\string.h(453): note: 参见“strtok”的声明
     1>E:\TeamServerCluster\TeamSDK\BaseInterface\EQ_String.h(201): warning C4996: 'strtok': This function or variable may be unsafe. Consider using strtok_s instead. To disable deprecation, use _CRT_SECURE_NO_WARNINGS. See online help for details.
         C:\Program Files (x86)\Windows Kits\10\Include\10.0.10150.0\ucrt\string.h(453): note: 参见“strtok”的声明
     1>E:\TeamServerCluster\TeamSDK\BaseInterface\EQ_String.h(205): warning C4996: 'strtok': This function or variable may be unsafe. Consider using strtok_s instead. To disable deprecation, use _CRT_SECURE_NO_WARNINGS. See online help for details.
         C:\Program Files (x86)\Windows Kits\10\Include\10.0.10150.0\ucrt\string.h(453): note: 参见“strtok”的声明
         FlashWebClient.cpp
     1>E:\TeamServerCluster\TeamSDK\BaseInterface\EQ_String.h(78): warning C4267: “初始化”: 从“size_t”转换到“int”，可能丢失数据
     1>E:\TeamServerCluster\TeamSDK\BaseInterface\EQ_String.h(78): warning C4267: “初始化”: 从“size_t”转换到“const int”，可能丢失数据
     1>E:\TeamServerCluster\TeamSDK\BaseInterface\EQ_String.h(137): warning C4267: “=”: 从“size_t”转换到“UINT32”，可能丢失数据
     1>E:\TeamServerCluster\TeamSDK\BaseInterface\EQ_String.h(172): warning C4267: “初始化”: 从“size_t”转换到“UINT32”，可能丢失数据
     1>E:\TeamServerCluster\TeamSDK\BaseInterface\EQ_String.h(181): warning C4267: “=”: 从“size_t”转换到“UINT32”，可能丢失数据
     1>E:\TeamServerCluster\TeamSDK\BaseInterface\EQ_String.h(190): warning C4996: 'strtok': This function or variable may be unsafe. Consider using strtok_s instead. To disable deprecation, use _CRT_SECURE_NO_WARNINGS. See online help for details.
         C:\Program Files (x86)\Windows Kits\10\Include\10.0.10150.0\ucrt\string.h(453): note: 参见“strtok”的声明
     1>E:\TeamServerCluster\TeamSDK\BaseInterface\EQ_String.h(194): warning C4996: 'strtok': This function or variable may be unsafe. Consider using strtok_s instead. To disable deprecation, use _CRT_SECURE_NO_WARNINGS. See online help for details.
         C:\Program Files (x86)\Windows Kits\10\Include\10.0.10150.0\ucrt\string.h(453): note: 参见“strtok”的声明
     1>E:\TeamServerCluster\TeamSDK\BaseInterface\EQ_String.h(201): warning C4996: 'strtok': This function or variable may be unsafe. Consider using strtok_s instead. To disable deprecation, use _CRT_SECURE_NO_WARNINGS. See online help for details.
         C:\Program Files (x86)\Windows Kits\10\Include\10.0.10150.0\ucrt\string.h(453): note: 参见“strtok”的声明
     1>E:\TeamServerCluster\TeamSDK\BaseInterface\EQ_String.h(205): warning C4996: 'strtok': This function or variable may be unsafe. Consider using strtok_s instead. To disable deprecation, use _CRT_SECURE_NO_WARNINGS. See online help for details.
         C:\Program Files (x86)\Windows Kits\10\Include\10.0.10150.0\ucrt\string.h(453): note: 参见“strtok”的声明
         main.cpp
     1>C:\Program Files (x86)\Windows Kits\8.1\Include\um\imagehlp.h(1873): warning C4091: “typedef ”: 没有声明变量时忽略“”的左侧
     1>C:\Program Files (x86)\Windows Kits\8.1\Include\um\imagehlp.h(3519): warning C4091: “typedef ”: 没有声明变量时忽略“”的左侧
         正在生成代码...
       ResourceCompile:
         C:\Program Files (x86)\Windows Kits\8.1\bin\x86\rc.exe /l"0x0409" /nologo /fo"x64\Debug\TeamFlashPolicyServer.res" TeamFlashPolicyServer.rc 
     1>C:\Program Files (x86)\MSBuild\Microsoft.Cpp\v4.0\V140\Microsoft.CppBuild.targets(1189,5): warning MSB8012: TargetPath(E:\TeamServerCluster\TeamServerClusterSln\x64\Debug\TeamFlashPolicyServer.exe) does not match the Linker's OutputFile property value (E:\TeamServerCluster\Bin\Platform\Windows\X64\Debug\TeamFlashPolicyServer.exe). This may cause your project to build incorrectly. To correct this, please make sure that $(OutDir), $(TargetName) and $(TargetExt) property values match the value specified in %(Link.OutputFile).
       Link:
         C:\Program Files (x86)\Microsoft Visual Studio 14.0\VC\bin\x86_amd64\link.exe /ERRORREPORT:PROMPT /OUT:"..\..\Bin\Platform\Windows\X64\Debug\TeamFlashPolicyServer.exe" /INCREMENTAL /NOLOGO /LIBPATH:..\..\TeamSDK\Lib\native_lib\Platform\Windows\X64\Debug TeamUtil.lib TeamNet.lib kernel32.lib user32.lib gdi32.lib winspool.lib comdlg32.lib advapi32.lib shell32.lib ole32.lib oleaut32.lib uuid.lib odbc32.lib odbccp32.lib /MANIFEST /MANIFESTUAC:"level='asInvoker' uiAccess='false'" /manifest:embed /Debug /PDB:"E:\TeamServerCluster\TeamServerClusterSln\x64\Debug\TeamFlashPolicyServer.pdb" /SUBSYSTEM:CONSOLE /TLBID:1 /DYNAMICBASE /NXCOMPAT /IMPLIB:"E:\TeamServerCluster\TeamServerClusterSln\x64\Debug\TeamFlashPolicyServer.lib" /MACHINE:X64 x64\Debug\TeamFlashPolicyServer.res
         x64\Debug\BaseDefine.obj
         x64\Debug\ConfigFile.obj
         x64\Debug\DataBuffer.obj
         x64\Debug\FlashPolicyApplication.obj
         x64\Debug\FlashPolicyServer.obj
         x64\Debug\FlashPolicyService.obj
         x64\Debug\FlashWebClient.obj
         x64\Debug\main.obj
         TeamFlashPolicyServer.vcxproj -> E:\TeamServerCluster\TeamServerClusterSln\x64\Debug\TeamFlashPolicyServer.exe
       BscMake:
         C:\Program Files (x86)\Microsoft Visual Studio 14.0\VC\bin\bscmake.exe /nologo /o"E:\TeamServerCluster\TeamServerClusterSln\x64\Debug\TeamFlashPolicyServer.bsc" /n x64\Debug\BaseDefine.sbr x64\Debug\ConfigFile.sbr x64\Debug\DataBuffer.sbr x64\Debug\FlashPolicyApplication.sbr x64\Debug\FlashPolicyServer.sbr x64\Debug\FlashPolicyService.sbr x64\Debug\FlashWebClient.sbr x64\Debug\main.sbr
     1>已完成生成项目“E:\TeamServerCluster\TeamServerClusterSln\TeamFlashPolicyServer\TeamFlashPolicyServer.vcxproj”(Rebuild 个目标)的操作。

已成功生成。

已用时间 00:00:11.59
